# JRE version: Java(TM) SE Runtime Environment (8.0_102-b14) (build 1.8.0_102-b14)
# Java VM: Java HotSpot(TM) 64-Bit Server VM (25.102-b14 mixed mode bsd-amd64 compressed oops)
Heap:
 PSYoungGen      total 75264K, used 36716K [0x000000076ab00000, 0x0000000771d80000, 0x00000007c0000000)
  eden space 36352K, 3% used [0x000000076ab00000,0x000000076ac3fec8,0x000000076ce80000)
  from space 38912K, 91% used [0x000000076ce80000,0x000000076f11b498,0x000000076f480000)
  to   space 40448K, 0% used [0x000000076f600000,0x000000076f600000,0x0000000771d80000)
 ParOldGen       total 124928K, used 100239K [0x00000006c0000000, 0x00000006c7a00000, 0x000000076ab00000)
  object space 124928K, 80% used [0x00000006c0000000,0x00000006c61e3e28,0x00000006c7a00000)
 Metaspace       used 29921K, capacity 30296K, committed 30592K, reserved 1077248K
  class space    used 3492K, capacity 3585K, committed 3712K, reserved 1048576K
GC Heap History (10 events):
Event: 29651.277 GC heap before
{Heap before GC invocations=42 (full 1):
 PSYoungGen      total 76800K, used 59914K [0x000000076ab00000, 0x0000000771d80000, 0x00000007c0000000)
  eden space 36352K, 96% used [0x000000076ab00000,0x000000076cd3dca0,0x000000076ce80000)
  from space 40448K, 61% used [0x000000076f600000,0x0000000770e44eb0,0x0000000771d80000)
  to   space 40448K, 0% used [0x000000076ce80000,0x000000076ce80000,0x000000076f600000)
 ParOldGen       total 124928K, used 89159K [0x00000006c0000000, 0x00000006c7a00000, 0x000000076ab00000)
  object space 124928K, 71% used [0x00000006c0000000,0x00000006c5711d10,0x00000006c7a00000)
 Metaspace       used 29743K, capacity 30168K, committed 30592K, reserved 1077248K
  class space    used 3478K, capacity 3585K, committed 3712K, reserved 1048576K
Event: 29651.285 GC heap after
Heap after GC invocations=42 (full 1):
 PSYoungGen      total 60928K, used 24483K [0x000000076ab00000, 0x0000000771c80000, 0x00000007c0000000)
  eden space 36352K, 0% used [0x000000076ab00000,0x000000076ab00000,0x000000076ce80000)
  from space 24576K, 99% used [0x000000076ce80000,0x000000076e668c70,0x000000076e680000)
  to   space 39936K, 0% used [0x000000076f580000,0x000000076f580000,0x0000000771c80000)
 ParOldGen       total 124928K, used 91606K [0x00000006c0000000, 0x00000006c7a00000, 0x000000076ab00000)
  object space 124928K, 73% used [0x00000006c0000000,0x00000006c5975868,0x00000006c7a00000)
 Metaspace       used 29743K, capacity 30168K, committed 30592K, reserved 1077248K
  class space    used 3478K, capacity 3585K, committed 3712K, reserved 1048576K
}
Event: 30124.810 GC heap before
{Heap before GC invocations=43 (full 1):
 PSYoungGen      total 60928K, used 60835K [0x000000076ab00000, 0x0000000771c80000, 0x00000007c0000000)
  eden space 36352K, 100% used [0x000000076ab00000,0x000000076ce80000,0x000000076ce80000)
  from space 24576K, 99% used [0x000000076ce80000,0x000000076e668c70,0x000000076e680000)
  to   space 39936K, 0% used [0x000000076f580000,0x000000076f580000,0x0000000771c80000)
 ParOldGen       total 124928K, used 91606K [0x00000006c0000000, 0x00000006c7a00000, 0x000000076ab00000)
  object space 124928K, 73% used [0x00000006c0000000,0x00000006c5975868,0x00000006c7a00000)
 Metaspace       used 29747K, capacity 30168K, committed 30592K, reserved 1077248K
  class space    used 3478K, capacity 3585K, committed 3712K, reserved 1048576K
Event: 30124.820 GC heap after
Heap after GC invocations=43 (full 1):
 PSYoungGen      total 76288K, used 22595K [0x000000076ab00000, 0x0000000771c80000, 0x00000007c0000000)
  eden space 36352K, 0% used [0x000000076ab00000,0x000000076ab00000,0x000000076ce80000)
  from space 39936K, 56% used [0x000000076f580000,0x0000000770b90fc0,0x0000000771c80000)
  to   space 39936K, 0% used [0x000000076ce80000,0x000000076ce80000,0x000000076f580000)
 ParOldGen       total 124928K, used 94072K [0x00000006c0000000, 0x00000006c7a00000, 0x000000076ab00000)
  object space 124928K, 75% used [0x00000006c0000000,0x00000006c5bde300,0x00000006c7a00000)
 Metaspace       used 29747K, capacity 30168K, committed 30592K, reserved 1077248K
  class space    used 3478K, capacity 3585K, committed 3712K, reserved 1048576K
}
Event: 30322.156 GC heap before
{Heap before GC invocations=44 (full 1):
 PSYoungGen      total 76288K, used 58947K [0x000000076ab00000, 0x0000000771c80000, 0x00000007c0000000)
  eden space 36352K, 100% used [0x000000076ab00000,0x000000076ce80000,0x000000076ce80000)
  from space 39936K, 56% used [0x000000076f580000,0x0000000770b90fc0,0x0000000771c80000)
  to   space 39936K, 0% used [0x000000076ce80000,0x000000076ce80000,0x000000076f580000)
 ParOldGen       total 124928K, used 94072K [0x00000006c0000000, 0x00000006c7a00000, 0x000000076ab00000)
  object space 124928K, 75% used [0x00000006c0000000,0x00000006c5bde300,0x00000006c7a00000)
 Metaspace       used 29769K, capacity 30168K, committed 30592K, reserved 1077248K
  class space    used 3478K, capacity 3585K, committed 3712K, reserved 1048576K
Event: 30322.165 GC heap after
Heap after GC invocations=44 (full 1):
 PSYoungGen      total 59904K, used 23396K [0x000000076ab00000, 0x0000000771b80000, 0x00000007c0000000)
  eden space 36352K, 0% used [0x000000076ab00000,0x000000076ab00000,0x000000076ce80000)
  from space 23552K, 99% used [0x000000076ce80000,0x000000076e559330,0x000000076e580000)
  to   space 39424K, 0% used [0x000000076f500000,0x000000076f500000,0x0000000771b80000)
 ParOldGen       total 124928K, used 96503K [0x00000006c0000000, 0x00000006c7a00000, 0x000000076ab00000)
  object space 124928K, 77% used [0x00000006c0000000,0x00000006c5e3ddf8,0x00000006c7a00000)
 Metaspace       used 29769K, capacity 30168K, committed 30592K, reserved 1077248K
  class space    used 3478K, capacity 3585K, committed 3712K, reserved 1048576K
}
Event: 31032.337 GC heap before
{Heap before GC invocations=45 (full 1):
 PSYoungGen      total 59904K, used 59298K [0x000000076ab00000, 0x0000000771b80000, 0x00000007c0000000)
  eden space 36352K, 98% used [0x000000076ab00000,0x000000076ce0f720,0x000000076ce80000)
  from space 23552K, 99% used [0x000000076ce80000,0x000000076e559330,0x000000076e580000)
  to   space 39424K, 0% used [0x000000076f500000,0x000000076f500000,0x0000000771b80000)
 ParOldGen       total 124928K, used 96503K [0x00000006c0000000, 0x00000006c7a00000, 0x000000076ab00000)
  object space 124928K, 77% used [0x00000006c0000000,0x00000006c5e3ddf8,0x00000006c7a00000)
 Metaspace       used 29773K, capacity 30168K, committed 30592K, reserved 1077248K
  class space    used 3478K, capacity 3585K, committed 3712K, reserved 1048576K
Event: 31032.346 GC heap after
Heap after GC invocations=45 (full 1):
 PSYoungGen      total 74752K, used 24851K [0x000000076ab00000, 0x0000000771a80000, 0x00000007c0000000)
  eden space 36352K, 0% used [0x000000076ab00000,0x000000076ab00000,0x000000076ce80000)
  from space 38400K, 64% used [0x000000076f500000,0x0000000770d44ec0,0x0000000771a80000)
  to   space 38912K, 0% used [0x000000076ce80000,0x000000076ce80000,0x000000076f480000)
 ParOldGen       total 124928K, used 98882K [0x00000006c0000000, 0x00000006c7a00000, 0x000000076ab00000)
  object space 124928K, 79% used [0x00000006c0000000,0x00000006c60908b8,0x00000006c7a00000)
 Metaspace       used 29773K, capacity 30168K, committed 30592K, reserved 1077248K
  class space    used 3478K, capacity 3585K, committed 3712K, reserved 1048576K
}
Event: 31374.756 GC heap before
{Heap before GC invocations=46 (full 1):
 PSYoungGen      total 74752K, used 61203K [0x000000076ab00000, 0x0000000771a80000, 0x00000007c0000000)
  eden space 36352K, 100% used [0x000000076ab00000,0x000000076ce80000,0x000000076ce80000)
  from space 38400K, 64% used [0x000000076f500000,0x0000000770d44ec0,0x0000000771a80000)
  to   space 38912K, 0% used [0x000000076ce80000,0x000000076ce80000,0x000000076f480000)
 ParOldGen       total 124928K, used 98882K [0x00000006c0000000, 0x00000006c7a00000, 0x000000076ab00000)
  object space 124928K, 79% used [0x00000006c0000000,0x00000006c60908b8,0x00000006c7a00000)
 Metaspace       used 29921K, capacity 30296K, committed 30592K, reserved 1077248K
  class space    used 3492K, capacity 3585K, committed 3712K, reserved 1048576K
Event: 31374.816 GC heap after
Heap after GC invocations=46 (full 1):
 PSYoungGen      total 75264K, used 35437K [0x000000076ab00000, 0x0000000771d80000, 0x00000007c0000000)
  eden space 36352K, 0% used [0x000000076ab00000,0x000000076ab00000,0x000000076ce80000)
  from space 38912K, 91% used [0x000000076ce80000,0x000000076f11b498,0x000000076f480000)
  to   space 40448K, 0% used [0x000000076f600000,0x000000076f600000,0x0000000771d80000)
 ParOldGen       total 124928K, used 100239K [0x00000006c0000000, 0x00000006c7a00000, 0x000000076ab00000)
  object space 124928K, 80% used [0x00000006c0000000,0x00000006c61e3e28,0x00000006c7a00000)
 Metaspace       used 29921K, capacity 30296K, committed 30592K, reserved 1077248K
  class space    used 3492K, capacity 3585K, committed 3712K, reserved 1048576K
}

